<?xml version="1.0" encoding="UTF-8"?>
<testsuite name="TestDataClasses" tests="1" skipped="0" failures="0" errors="0" timestamp="2019-04-13T04:19:38" hostname="DESKTOP-R1V7IHP" time="0.023">
  <properties/>
  <testcase name="testListOfPeople" classname="TestDataClasses" time="0.023"/>
  <system-out><![CDATA[]]></system-out>
  <system-err><![CDATA[]]></system-err>
</testsuite>
