<?xml version="1.0" encoding="UTF-8"?>
<testsuite name="TestFunctions" tests="1" skipped="0" failures="0" errors="0" timestamp="2019-04-13T02:33:42" hostname="DESKTOP-R1V7IHP" time="0.023">
  <properties/>
  <testcase name="collection" classname="TestFunctions" time="0.023"/>
  <system-out><![CDATA[]]></system-out>
  <system-err><![CDATA[]]></system-err>
</testsuite>
