<?xml version="1.0" encoding="UTF-8"?>
<testsuite name="TestExtensionFunctions" tests="2" skipped="0" failures="0" errors="0" timestamp="2019-04-13T04:35:20" hostname="DESKTOP-R1V7IHP" time="0.003">
  <properties/>
  <testcase name="testPairExtension" classname="TestExtensionFunctions" time="0.003"/>
  <testcase name="testIntExtension" classname="TestExtensionFunctions" time="0.0"/>
  <system-out><![CDATA[]]></system-out>
  <system-err><![CDATA[]]></system-err>
</testsuite>
